app/build/intermediates/proguard-rules/debug/aapt_rules.txt
# Referenced at merged_manifests\debug\AndroidManifest.xml:11
-keep class androidx.core.app.CoreComponentFactory { <init>(); }
# Referenced at merged_manifests\debug\AndroidManifest.xml:41
-keep class com.example.anagram.Decrypt.decrypt_anagram { <init>(); }
# Referenced at merged_manifests\debug\AndroidManifest.xml:47
-keep class com.example.anagram.Main { <init>(); }
# Referenced at merged_manifests\debug\AndroidManifest.xml:35
-keep class com.example.anagram.Riddle.RiddleTest { <init>(); }
# Referenced at merged_manifests\debug\AndroidManifest.xml:44
-keep class com.example.anagram.Riddle.anagram_riddle { <init>(); }
# Referenced at merged_manifests\debug\AndroidManifest.xml:32
-keep class com.example.anagram.SomeMore.SomeMoreTest { <init>(); }
# Referenced at merged_manifests\debug\AndroidManifest.xml:38
-keep class com.example.anagram.SomeMore.Some_Anagram { <init>(); }
# Referenced at merged_manifests\debug\AndroidManifest.xml:53
-keep class com.example.anagram.StartActivity { <init>(); }
# Referenced at merged_manifests\debug\AndroidManifest.xml:50
-keep class com.example.anagram.Test { <init>(); }
# Referenced at merged_manifests\debug\AndroidManifest.xml:29
-keep class com.example.anagram.dop_lvl_fruits_vegetables.FruitsActivity { <init>(); }
# Referenced at merged_manifests\debug\AndroidManifest.xml:23
-keep class com.example.anagram.dop_lvl_fruits_vegetables.FruitsActivityTest { <init>(); }
# Referenced at merged_manifests\debug\AndroidManifest.xml:26
-keep class com.example.anagram.dop_lvl_fruits_vegetables.VegetablesActivity { <init>(); }
# Referenced at merged_manifests\debug\AndroidManifest.xml:20
-keep class com.example.anagram.dop_lvl_fruits_vegetables.VegetablesActivityTest { <init>(); }
# Referenced at res\layout\abc_alert_dialog_title_material.xml:57
# Referenced at res\layout\abc_alert_dialog_material.xml:52
# Referenced at res\layout\abc_alert_dialog_button_bar_material.xml:43
-keep class android.widget.Space { <init>(...); }

# Referenced at res\layout\abc_select_dialog_material.xml:23
-keep class androidx.appcompat.app.AlertController$RecycleListView { <init>(...); }

# Referenced at res\layout\abc_action_menu_item_layout.xml:17
-keep class androidx.appcompat.view.menu.ActionMenuItemView { <init>(...); }

# Referenced at res\layout\abc_expanded_menu_layout.xml:17
-keep class androidx.appcompat.view.menu.ExpandedMenuView { <init>(...); }

# Referenced at res\layout\abc_popup_menu_item_layout.xml:17
# Referenced at res\layout\abc_list_menu_item_layout.xml:17
# Referenced at res\layout\abc_cascading_menu_item_layout.xml:20
-keep class androidx.appcompat.view.menu.ListMenuItemView { <init>(...); }

# Referenced at res\layout\abc_screen_toolbar.xml:27
-keep class androidx.appcompat.widget.ActionBarContainer { <init>(...); }

# Referenced at res\layout\abc_screen_toolbar.xml:43
# Referenced at res\layout\abc_action_mode_bar.xml:19
-keep class androidx.appcompat.widget.ActionBarContextView { <init>(...); }

# Referenced at res\layout\abc_screen_toolbar.xml:17
-keep class androidx.appcompat.widget.ActionBarOverlayLayout { <init>(...); }

# Referenced at res\layout\abc_action_menu_layout.xml:17
-keep class androidx.appcompat.widget.ActionMenuView { <init>(...); }

# Referenced at res\layout\abc_activity_chooser_view.xml:19
-keep class androidx.appcompat.widget.ActivityChooserView$InnerLayout { <init>(...); }

# Referenced at res\layout\abc_alert_dialog_material.xml:18
-keep class androidx.appcompat.widget.AlertDialogLayout { <init>(...); }

# Referenced at res\layout\abc_alert_dialog_button_bar_material.xml:26
-keep class androidx.appcompat.widget.ButtonBarLayout { <init>(...); }

# Referenced at res\layout\abc_screen_content_include.xml:19
-keep class androidx.appcompat.widget.ContentFrameLayout { <init>(...); }

# Referenced at res\layout\abc_alert_dialog_title_material.xml:45
-keep class androidx.appcompat.widget.DialogTitle { <init>(...); }

# Referenced at res\layout\abc_screen_simple_overlay_action_mode.xml:23
-keep class androidx.appcompat.widget.FitWindowsFrameLayout { <init>(...); }

# Referenced at res\layout\abc_screen_simple.xml:17
# Referenced at res\layout\abc_dialog_title_material.xml:22
-keep class androidx.appcompat.widget.FitWindowsLinearLayout { <init>(...); }

# Referenced at res\layout\abc_search_view.xml:75
-keep class androidx.appcompat.widget.SearchView$SearchAutoComplete { <init>(...); }

# Referenced at res\layout\abc_screen_toolbar.xml:36
-keep class androidx.appcompat.widget.Toolbar { <init>(...); }

# Referenced at res\layout\abc_screen_simple_overlay_action_mode.xml:32
# Referenced at res\layout\abc_screen_simple.xml:25
-keep class androidx.appcompat.widget.ViewStubCompat { <init>(...); }

# Referenced at res\layout\abc_alert_dialog_material.xml:41
-keep class androidx.core.widget.NestedScrollView { <init>(...); }

# Referenced at res\layout\alert_dialog.xml:87
-keep class cn.pedant.SweetAlert.SuccessTickView { <init>(...); }

# Referenced at res\layout\alert_dialog.xml:123
-keep class com.pnikosis.materialishprogress.ProgressWheel { <init>(...); }

# Referenced at res\layout\activity_vegetables_test.xml:283
# Referenced at res\layout\activity_test.xml:289
# Referenced at res\layout\activity_some_more_test.xml:390
# Referenced at res\layout\activity_fruits_test.xml:282
-keepclassmembers class * { *** Back(android.view.View); }

# Referenced at res\layout\activity_vegetables_test.xml:129
# Referenced at res\layout\activity_test.xml:135
# Referenced at res\layout\activity_some_more_test.xml:137
# Referenced at res\layout\activity_riddle_test.xml:108
# Referenced at res\layout\activity_fruits_test.xml:128
-keepclassmembers class * { *** CleanEdt(android.view.View); }

# Referenced at res\layout\activity_vegetables_test.xml:332
# Referenced at res\layout\activity_test.xml:338
# Referenced at res\layout\activity_some_more_test.xml:435
# Referenced at res\layout\activity_riddle_test.xml:266
# Referenced at res\layout\activity_fruits_test.xml:331
-keepclassmembers class * { *** ClickButt(android.view.View); }

# Referenced at res\layout\activity_start.xml:120
-keepclassmembers class * { *** GoAnagram(android.view.View); }

# Referenced at res\layout\activity_start.xml:306
-keepclassmembers class * { *** GoAnagramDecrypt(android.view.View); }

# Referenced at res\layout\activity_start.xml:191
-keepclassmembers class * { *** GoAnagramFruit(android.view.View); }

# Referenced at res\layout\activity_start.xml:349
-keepclassmembers class * { *** GoAnagramRiddle(android.view.View); }

# Referenced at res\layout\activity_start.xml:418
-keepclassmembers class * { *** GoAnagramSomeMore(android.view.View); }

# Referenced at res\layout\activity_start.xml:261
-keepclassmembers class * { *** GoAnagramVegetables(android.view.View); }

# Referenced at res\layout\activity_vegetables_test.xml:28
# Referenced at res\layout\activity_test.xml:29
# Referenced at res\layout\activity_start.xml:23
# Referenced at res\layout\activity_some_more_test.xml:30
# Referenced at res\layout\activity_riddle_test.xml:32
# Referenced at res\layout\activity_fruits_test.xml:27
# Referenced at res\layout\activity_decrypt_anagram.xml:41
-keepclassmembers class * { *** HelpOnAplication(android.view.View); }

# Referenced at res\layout\activity_vegetables_test.xml:296
# Referenced at res\layout\activity_test.xml:302
# Referenced at res\layout\activity_fruits_test.xml:295
-keepclassmembers class * { *** HintsAnag(android.view.View); }

# Referenced at res\layout\activity_decrypt_anagram.xml:200
-keepclassmembers class * { *** PlayGame(android.view.View); }

# Referenced at res\layout\activity_riddle_test.xml:232
-keepclassmembers class * { *** checkAnswer(android.view.View); }

# Referenced at res\layout\activity_vegetables.xml:24
# Referenced at res\layout\activity_some__anagram.xml:26
# Referenced at res\layout\activity_main2.xml:25
# Referenced at res\layout\activity_fruits.xml:24
# Referenced at res\layout\activity_decrypt_anagram.xml:122
# Referenced at res\layout\activity_anagram_riddle.xml:11
-keepclassmembers class * { *** onClick(android.view.View); }

# Referenced at res\layout\activity_some_more_test.xml:401
-keepclassmembers class * { *** openWord(android.view.View); }