app/build/outputs/mapping/debug/mapping.txt
# compiler: R8
# compiler_version: 1.5.69
# min_api: 21
# pg_map_id: 8c07a01
com.example.anagram.Decrypt.decrypt_anagram -> com.example.anagram.Decrypt.decrypt_anagram:
    java.lang.String second -> y
    java.lang.String first -> x
    java.lang.String third -> z
    java.lang.String[] answr3 -> u
    java.lang.String[] answr2 -> t
    java.lang.String[] word -> w
    java.lang.String four -> A
    long timemilliseconds -> D
    java.lang.String[] answr4 -> v
    int a -> B
    int Count -> C
    java.lang.String[] answr1 -> s
    26:84:void <init>() -> <init>
    290:302:void HelpOnAplication(android.view.View) -> HelpOnAplication
    194:199:void PlayGame(android.view.View) -> PlayGame
    26:26:long access$002(com.example.anagram.Decrypt.decrypt_anagram,long) -> a
    256:263:java.lang.String shuffleWord(java.lang.String) -> a
    238:253:void NewGame() -> n
    233:235:void update() -> o
    271:276:void onBackPressed() -> onBackPressed
    103:191:void onClick(android.view.View) -> onClick
    88:99:void onCreate(android.os.Bundle) -> onCreate
    280:287:void onDestroy() -> onDestroy
    202:230:void StartTime() -> p
com.example.anagram.Decrypt.decrypt_anagram$1 -> com.example.anagram.Decrypt.decrypt_anagram$a:
    com.example.anagram.Decrypt.decrypt_anagram this$0 -> a
    202:202:void <init>(com.example.anagram.Decrypt.decrypt_anagram,long,long) -> <init>
    211:228:void onFinish() -> onFinish
    205:207:void onTick(long) -> onTick
com.example.anagram.Decrypt.decrypt_anagram$2 -> com.example.anagram.Decrypt.decrypt_anagram$b:
    295:295:void <init>(com.example.anagram.Decrypt.decrypt_anagram) -> <init>
    297:298:void onClick(android.content.DialogInterface,int) -> onClick
com.example.anagram.Decrypt.decrypt_anagram_ViewBinding -> com.example.anagram.Decrypt.decrypt_anagram_ViewBinding:
    24:35:void <init>(com.example.anagram.Decrypt.decrypt_anagram,android.view.View) -> <init>
com.example.anagram.Hints.HintsAlgorithm -> com.example.anagram.a.a:
    16:16:void <init>() -> <init>
    16:16:void access$000(com.example.anagram.Hints.HintsAlgorithm,int,android.widget.TextView) -> a
    22:404:void OpenLetterAlgorithm(android.widget.EditText,android.widget.EditText,android.widget.EditText,android.widget.EditText,android.widget.EditText,android.widget.EditText,android.widget.EditText,android.widget.EditText,android.widget.EditText,android.widget.EditText,android.widget.EditText,android.widget.EditText,android.widget.EditText,android.widget.EditText,java.lang.String[],android.widget.TextView) -> a
    442:444:void minMoney(int,android.widget.TextView) -> a
    750:1459:void showDefinition(android.content.Context,android.widget.TextView,java.lang.String[]) -> a
    451:712:void openWordAlgorithm(android.widget.EditText,android.widget.EditText,android.widget.EditText,android.widget.EditText,android.widget.EditText,android.widget.EditText,android.widget.EditText,android.widget.EditText,android.widget.EditText,android.widget.EditText,android.widget.EditText,android.widget.EditText,android.widget.EditText,android.widget.EditText,java.lang.String[],android.widget.TextView) -> b
com.example.anagram.Hints.HintsAlgorithm$5 -> com.example.anagram.a.a$a:
    1448:1448:void <init>(com.example.anagram.Hints.HintsAlgorithm) -> <init>
    1450:1451:void onClick(android.content.DialogInterface,int) -> onClick
com.example.anagram.Hints.HintsAlgorithm$6 -> com.example.anagram.a.a$b:
    android.widget.TextView val$Money_text -> d
    com.example.anagram.Hints.HintsAlgorithm this$0 -> e
    java.lang.String[] val$dictionary -> b
    cn.pedant.SweetAlert.SweetAlertDialog val$sweetAlertDialog -> c
    759:759:void <init>(com.example.anagram.Hints.HintsAlgorithm,java.lang.String[],cn.pedant.SweetAlert.SweetAlertDialog,android.widget.TextView) -> <init>
    762:1445:void onClick(android.content.DialogInterface,int) -> onClick
...
androidx.core.provider.SelfDestructiveThread$2$1 -> a.d.g.c$b$a:
    androidx.core.provider.SelfDestructiveThread$2 this$1 -> c
    java.lang.Object val$result -> b
    147:147:void <init>(androidx.core.provider.SelfDestructiveThread$2,java.lang.Object) -> <init>
    150:151:void run() -> run
androidx.core.provider.SelfDestructiveThread$3 -> a.d.g.c$c:
    java.util.concurrent.atomic.AtomicBoolean val$running -> e
    java.util.concurrent.locks.Condition val$cond -> f
    java.util.concurrent.locks.ReentrantLock val$lock -> d
    java.util.concurrent.Callable val$callable -> c
    java.util.concurrent.atomic.AtomicReference val$holder -> b
    171:171:void <init>(androidx.core.provider.SelfDestructiveThread,java.util.concurrent.atomic.AtomicReference,java.util.concurrent.Callable,java.util.concurrent.locks.ReentrantLock,java.util.concurrent.atomic.AtomicBoolean,java.util.concurrent.locks.Condition) -> <init>
    175:184:void run() -> run
androidx.core.provider.SelfDestructiveThread$ReplyCallback -> a.d.g.c$d:
    void onReply(java.lang.Object) -> a
androidx.core.text.PrecomputedTextCompat -> a.d.h.a:
    android.text.Spannable mText -> b
    androidx.core.text.PrecomputedTextCompat$Params mParams -> c
    72:73:void <clinit>() -> <clinit>
    512:512:androidx.core.text.PrecomputedTextCompat$Params getParams() -> a
    712:712:char charAt(int) -> charAt
    687:687:int getSpanEnd(java.lang.Object) -> getSpanEnd
    692:692:int getSpanFlags(java.lang.Object) -> getSpanFlags
    682:682:int getSpanStart(java.lang.Object) -> getSpanStart
    677:677:java.lang.Object[] getSpans(int,int,java.lang.Class) -> getSpans
    707:707:int length() -> length
    697:697:int nextSpanTransition(int,int,java.lang.Class) -> nextSpanTransition
    663:664:void removeSpan(java.lang.Object) -> removeSpan
    651:652:void setSpan(java.lang.Object,int,int,int) -> setSpan
    717:717:java.lang.CharSequence subSequence(int,int) -> subSequence
    722:722:java.lang.String toString() -> toString
androidx.core.text.PrecomputedTextCompat$Params -> a.d.h.a$a:
    android.text.TextPaint mPaint -> a
    android.text.PrecomputedText$Params mWrapped -> e
    int mHyphenationFrequency -> d
    android.text.TextDirectionHeuristic mTextDir -> b
    int mBreakStrategy -> c
    195:201:void <init>(android.text.TextPaint,android.text.TextDirectionHeuristic,int,int) -> <init>
    204:210:void <init>(android.text.PrecomputedText$Params) -> <init>
    243:243:int getBreakStrategy() -> a
    266:317:boolean equalsWithoutTextDirection(androidx.core.text.PrecomputedTextCompat$Params) -> a
    255:255:int getHyphenationFrequency() -> b
    231:231:android.text.TextDirectionHeuristic getTextDirection() -> c
    218:218:android.text.TextPaint getTextPaint() -> d
    327:342:boolean equals(java.lang.Object) -> equals
    347:366:int hashCode() -> hashCode
    374:395:java.lang.String toString() -> toString
androidx.core.text.PrecomputedTextCompat$Params$Builder -> a.d.h.a$a$a:
    android.text.TextPaint mPaint -> a
    int mHyphenationFrequency -> d
    android.text.TextDirectionHeuristic mTextDir -> b
    int mBreakStrategy -> c
    115:128:void <init>(android.text.TextPaint) -> <init>
    144:145:androidx.core.text.PrecomputedTextCompat$Params$Builder setBreakStrategy(int) -> a
    180:181:androidx.core.text.PrecomputedTextCompat$Params$Builder setTextDirection(android.text.TextDirectionHeuristic) -> a
    190:190:androidx.core.text.PrecomputedTextCompat$Params build() -> a
    162:163:androidx.core.text.PrecomputedTextCompat$Params$Builder setHyphenationFrequency(int) -> b
androidx.core.util.DebugUtils -> a.d.i.a:
    32:47:void buildShortClassTag(java.lang.Object,java.lang.StringBuilder) -> a